2022-09-07 20:22:11,126 [INFO ]  Start: 2022-09-07 20:22:11
2022-09-07 20:22:11,126 [INFO ]  Running Doppler and performing visit combination for 2M21593609+5716051 and telescope=apo25m
2022-09-07 20:22:11,148 [INFO ]  1 visit file(s) found
2022-09-07 20:22:11,154 [INFO ]  Version=59829
2022-09-07 20:22:11,221 [INFO ]  1 visit(s) passed QA cuts
2022-09-07 20:22:11,367 [INFO ]  Running Doppler jointfit for: 2M21593609+5716051  rvrange:[-1000.0,1000.0]  nvisits: 1
2022-09-07 20:22:11,367 [INFO ]  Step #1: Fitting the individual spectra
2022-09-07 20:22:11,370 [INFO ]  Fitting spectrum 1
2022-09-07 20:22:11,370 [INFO ]  /uufs/chpc.utah.edu/common/home/sdss50/sdsswork/mwm/apogee/spectro/redux/daily/visit/apo25m/101766/6630/59829/apVisit-daily-apo25m-6630-59829-182.fits
2022-09-07 20:22:11,408 [INFO ]  Masked 87 outlier or negative pixels
2022-09-07 20:22:13,950 [INFO ]  TEFF    LOGG     FEH    VREL   CCPEAK    CCP0   CHISQ   VREL0
2022-09-07 20:22:14,109 [INFO ]  3500.00   4.80  -0.50  1004.58   0.20   0.16   6.50  997.65
2022-09-07 20:22:14,243 [INFO ]  4000.00   4.80  -0.50  964.69   0.13   0.15   5.27  1000.28
2022-09-07 20:22:14,387 [INFO ]  5000.00   4.60  -0.50  -934.73   0.07   0.05   5.04  -937.27
2022-09-07 20:22:14,523 [INFO ]  6000.00   4.40  -0.50  -52.62   0.14   0.10   4.15  -15.75
2022-09-07 20:22:14,633 [INFO ]  7500.00   4.00  -0.50  -92.64   0.60   0.29   2.49  -120.77
2022-09-07 20:22:14,755 [INFO ]  15000.00   4.00  -0.50  -97.52   0.89   0.34   1.75  -65.63
2022-09-07 20:22:14,879 [INFO ]  25000.00   4.00  -0.50  -99.34   0.73   0.30   1.88  -57.76
2022-09-07 20:22:15,004 [INFO ]  40000.00   4.00  -0.50  -94.42   0.79   0.29   2.03  -68.26
2022-09-07 20:22:15,147 [INFO ]  3500.00   0.50  -0.50  952.77   0.04   0.08  14.24  1002.90
2022-09-07 20:22:15,293 [INFO ]  4300.00   1.00  -0.50  -123.36   0.07   0.05   8.19  -76.14
2022-09-07 20:22:15,418 [INFO ]  4700.00   2.00  -0.50  -67.30   0.10   0.09   6.34  -76.14
2022-09-07 20:22:15,545 [INFO ]  5200.00   3.00  -0.50  -55.38   0.12   0.11   5.28  -76.14
2022-09-07 20:22:15,555 [INFO ]  Initial RV fit:
2022-09-07 20:22:15,555 [INFO ]  Teff   =  15000.00 K    
2022-09-07 20:22:15,555 [INFO ]  logg   =      4.00      
2022-09-07 20:22:15,555 [INFO ]  [Fe/H] =     -0.50      
2022-09-07 20:22:15,555 [INFO ]  Vrel   =    -97.52 +/-  1.046 km/s 
2022-09-07 20:22:15,857 [INFO ]  Initial Cannon stellar parameters using initial RV
2022-09-07 20:22:15,857 [INFO ]  Teff   =  24014.14 K    
2022-09-07 20:22:15,857 [INFO ]  logg   =      3.35      
2022-09-07 20:22:15,857 [INFO ]  [Fe/H] =     -0.08      
2022-09-07 20:22:15,880 [INFO ]  Masked 1 discrepant pixels
2022-09-07 20:22:16,001 [INFO ]  Initial Cannon stellar parameters using initial RV and Tweaking the normalization
2022-09-07 20:22:16,001 [INFO ]  Teff   =  24014.14 K    
2022-09-07 20:22:16,001 [INFO ]  logg   =      3.35      
2022-09-07 20:22:16,001 [INFO ]  [Fe/H] =     -0.08      
2022-09-07 20:22:16,545 [INFO ]  Improved RV and Cannon stellar parameters:
2022-09-07 20:22:16,545 [INFO ]  Teff   =  23838.06 K    
2022-09-07 20:22:16,545 [INFO ]  logg   =      3.32      
2022-09-07 20:22:16,545 [INFO ]  [Fe/H] =     -0.10      
2022-09-07 20:22:16,545 [INFO ]  Vrel   =    -63.01 +/-  0.840 km/s 
2022-09-07 20:22:16,555 [INFO ]  fit_lsq: [-1000, 1000]
2022-09-07 20:22:18,201 [INFO ]  Least Squares RV and stellar parameters:
2022-09-07 20:22:18,201 [INFO ]  Teff   =   9052.19 K    
2022-09-07 20:22:18,202 [INFO ]  logg   =      4.21      
2022-09-07 20:22:18,202 [INFO ]  [Fe/H] =     -1.67      
2022-09-07 20:22:18,202 [INFO ]  Vrel   =    -31.89 km/s 
2022-09-07 20:22:18,210 [INFO ]  chisq =  3.61
2022-09-07 20:22:18,438 [INFO ]  Fine grid best RV = -11.89 km/s
2022-09-07 20:22:18,438 [INFO ]  chisq =  3.61
2022-09-07 20:22:18,989 [INFO ]  Final parameters:
2022-09-07 20:22:18,989 [INFO ]  Teff   =   9052.19 +/- 217.026 K    
2022-09-07 20:22:18,989 [INFO ]  logg   =      4.21 +/-  0.021      
2022-09-07 20:22:18,989 [INFO ]  [Fe/H] =     -1.67 +/-  0.088      
2022-09-07 20:22:18,989 [INFO ]  Vhelio =  -6.07 +/-  0.61 km/s
2022-09-07 20:22:18,989 [INFO ]  BC =  5.82 km/s
2022-09-07 20:22:18,989 [INFO ]  chisq =  3.61
2022-09-07 20:22:18,989 [INFO ]  dt =  7.62 sec.
2022-09-07 20:22:19,020 [INFO ]   
2022-09-07 20:22:19,165 [INFO ]  Running CCF decomposition for: 2M21593609+5716051
2022-09-07 20:22:23,280 [INFO ]  Making plots for :2M21593609+5716051 /uufs/chpc.utah.edu/common/home/sdss50/sdsswork/mwm/apogee/spectro/redux/daily/stars/apo25m/15/15634
2022-09-07 20:22:23,843 [INFO ]  Doppler completed successfully for 2M21593609+5716051
2022-09-07 20:22:24,090 [INFO ]  No good visits for 2M21593609+5716051
----> apStarPlots: Running on single star:2M21593609+5716051
----> apStarPlots:    apStar file not found for 2M21593609+5716051
----> apStarPlots: Done with 2M21593609+5716051
----> makeStarHTML: Running on single star:2M21593609+5716051
----> makeStarHTML:   making html for 2M21593609+5716051 (1/1)
----> makeStarHTML: Done with 2M21593609+5716051
2022-09-07 20:22:27,813 [INFO ]  End: 2022-09-07 20:22:27
2022-09-07 20:22:27,813 [INFO ]  elapsed: 16.7 sec.
