2023-01-11 10:53:25,633 [INFO ]  Start: 2023-01-11 10:53:25
2023-01-11 10:53:25,633 [INFO ]  Running Doppler and performing visit combination for 2M21593049+5714408 and telescope=apo25m
2023-01-11 10:53:25,654 [INFO ]  1 visit file(s) found
2023-01-11 10:53:25,659 [INFO ]  Version=59893
2023-01-11 10:53:25,709 [INFO ]  1 visit(s) passed QA cuts
2023-01-11 10:53:26,640 [INFO ]  Running Doppler jointfit for: 2M21593049+5714408  rvrange:[-1000.0,1000.0]  nvisits: 1
2023-01-11 10:53:26,640 [INFO ]  Step #1: Fitting the individual spectra
2023-01-11 10:53:26,642 [INFO ]  Fitting spectrum 1
2023-01-11 10:53:26,643 [INFO ]  /uufs/chpc.utah.edu/common/home/sdss50/sdsswork/mwm/apogee/spectro/redux/daily/visit/apo25m/101766/7393/59893/apVisit-daily-apo25m-7393-59893-182.fits
2023-01-11 10:53:26,676 [INFO ]  Masked 153 outlier or negative pixels
2023-01-11 10:53:28,678 [INFO ]  TEFF    LOGG     FEH    VREL   CCPEAK    CCP0   CHISQ   VREL0
2023-01-11 10:53:28,802 [INFO ]  3500.00   4.80  -0.50  -68.34   0.13   0.17   2.87  -65.64
2023-01-11 10:53:28,917 [INFO ]  4000.00   4.80  -0.50  -69.30   0.32   0.45   2.08  -68.26
2023-01-11 10:53:29,030 [INFO ]  5000.00   4.60  -0.50  -69.72   0.51   0.65   1.59  -70.89
2023-01-11 10:53:29,161 [INFO ]  6000.00   4.40  -0.50  -69.88   0.52   0.63   1.73  -70.89
2023-01-11 10:53:29,270 [INFO ]  7500.00   4.00  -0.50  -70.14   0.20   0.23   2.38  -70.89
2023-01-11 10:53:29,392 [INFO ]  15000.00   4.00  -0.50  -122.43   0.06   0.05   2.56  -107.64
2023-01-11 10:53:29,510 [INFO ]  25000.00   4.00  -0.50  -104.29   0.05   0.06   2.53  -70.89
2023-01-11 10:53:29,667 [INFO ]  40000.00   4.00  -0.50  -217.46   0.06   0.04   2.53  -118.15
2023-01-11 10:53:29,779 [INFO ]  3500.00   0.50  -0.50  -69.57   0.47   0.46   3.82  -70.89
2023-01-11 10:53:29,885 [INFO ]  4300.00   1.00  -0.50  -69.69   0.63   0.64   1.66  -70.89
2023-01-11 10:53:29,995 [INFO ]  4700.00   2.00  -0.50  -69.77   0.66   0.70   1.31  -70.89
2023-01-11 10:53:30,102 [INFO ]  5200.00   3.00  -0.50  -69.85   0.62   0.69   1.42  -70.89
2023-01-11 10:53:30,111 [INFO ]  Initial RV fit:
2023-01-11 10:53:30,111 [INFO ]  Teff   =   4700.00 K    
2023-01-11 10:53:30,112 [INFO ]  logg   =      2.00      
2023-01-11 10:53:30,112 [INFO ]  [Fe/H] =     -0.50      
2023-01-11 10:53:30,112 [INFO ]  Vrel   =    -69.77 +/-  0.030 km/s 
2023-01-11 10:53:30,401 [INFO ]  Initial Cannon stellar parameters using initial RV
2023-01-11 10:53:30,402 [INFO ]  Teff   =   4915.04 K    
2023-01-11 10:53:30,402 [INFO ]  logg   =      2.88      
2023-01-11 10:53:30,402 [INFO ]  [Fe/H] =     -0.79      
2023-01-11 10:53:30,444 [INFO ]  Masked 14 discrepant pixels
2023-01-11 10:53:30,574 [INFO ]  Initial Cannon stellar parameters using initial RV and Tweaking the normalization
2023-01-11 10:53:30,575 [INFO ]  Teff   =   4915.04 K    
2023-01-11 10:53:30,575 [INFO ]  logg   =      2.88      
2023-01-11 10:53:30,575 [INFO ]  [Fe/H] =     -0.79      
2023-01-11 10:53:31,200 [INFO ]  Improved RV and Cannon stellar parameters:
2023-01-11 10:53:31,201 [INFO ]  Teff   =   4919.73 K    
2023-01-11 10:53:31,201 [INFO ]  logg   =      2.90      
2023-01-11 10:53:31,201 [INFO ]  [Fe/H] =     -0.79      
2023-01-11 10:53:31,201 [INFO ]  Vrel   =    -70.89 +/-  0.034 km/s 
2023-01-11 10:53:31,215 [INFO ]  fit_lsq: [-1000, 1000]
2023-01-11 10:53:31,608 [INFO ]  Least Squares RV and stellar parameters:
2023-01-11 10:53:31,608 [INFO ]  Teff   =   4860.34 K    
2023-01-11 10:53:31,608 [INFO ]  logg   =      2.57      
2023-01-11 10:53:31,609 [INFO ]  [Fe/H] =     -0.25      
2023-01-11 10:53:31,609 [INFO ]  Vrel   =    -69.97 km/s 
2023-01-11 10:53:31,617 [INFO ]  chisq =  2.00
2023-01-11 10:53:31,919 [INFO ]  Fine grid best RV = -69.90 km/s
2023-01-11 10:53:31,919 [INFO ]  chisq =  2.00
2023-01-11 10:53:32,672 [INFO ]  Final parameters:
2023-01-11 10:53:32,673 [INFO ]  Teff   =   4860.34 +/- 11.655 K    
2023-01-11 10:53:32,673 [INFO ]  logg   =      2.57 +/-  0.027      
2023-01-11 10:53:32,673 [INFO ]  [Fe/H] =     -0.25 +/-  0.009      
2023-01-11 10:53:32,673 [INFO ]  Vhelio = -78.84 +/-  0.04 km/s
2023-01-11 10:53:32,673 [INFO ]  BC = -8.93 km/s
2023-01-11 10:53:32,673 [INFO ]  chisq =  2.00
2023-01-11 10:53:32,673 [INFO ]  dt =  6.03 sec.
2023-01-11 10:53:32,718 [INFO ]   
2023-01-11 10:53:32,866 [INFO ]  Running CCF decomposition for: 2M21593049+5714408
2023-01-11 10:53:35,300 [INFO ]  Making plots for :2M21593049+5714408 /uufs/chpc.utah.edu/common/home/sdss50/sdsswork/mwm/apogee/spectro/redux/daily/stars/apo25m/15/15634
2023-01-11 10:53:35,919 [INFO ]  Doppler completed successfully for 2M21593049+5714408
2023-01-11 10:53:35,989 [INFO ]  Doing visitcomb for 2M21593049+5714408 
2023-01-11 10:53:40,897 [INFO ]  fit_lsq: [-50, 50]
No observatory information.  Cannot calculate barycentric correction.
2023-01-11 10:53:41,485 [INFO ]  Writing apStar file to /uufs/chpc.utah.edu/common/home/sdss50/sdsswork/mwm/apogee/spectro/redux/daily/stars/apo25m/15/15634/apStar-daily-apo25m-2M21593049+5714408-59893.fits
----> apStarPlots: Running on single star:2M21593049+5714408
----> apStarPlots:    making plot for 2M21593049+5714408
----> apStarPlots: Done with 2M21593049+5714408
----> makeStarHTML: Running on single star:2M21593049+5714408
----> makeStarHTML:   making html for 2M21593049+5714408 (1/1)
> /uufs/chpc.utah.edu/common/home/u0955897/projects/apogee_drp/python/apogee_drp/apred/qa.py(2524)makeStarHTML()
-> vcat = db.query('visit_latest', where="apogee_id='" + objid + "' and telescope='"+ telescope + "'", fmt='table')
(Pdb) 
2023-01-11 10:53:47,191 [ERROR]  Error running Doppler on 2M21593049+5714408
Traceback (most recent call last):
  File "/uufs/chpc.utah.edu/common/home/u0955897/projects/apogee_drp/bin/rv", line 98, in <module>
    rv.doppler_rv(star,apred,telescope,clobber=args.clobber,tweak=args.tweak,
  File "/uufs/chpc.utah.edu/common/home/u0955897/projects/apogee_drp/python/apogee_drp/apred/rv.py", line 386, in doppler_rv
    qa.makeStarHTML(objid=star,apred=apred,telescope=telescope)
  File "/uufs/chpc.utah.edu/common/home/u0955897/projects/apogee_drp/python/apogee_drp/apred/qa.py", line 2524, in makeStarHTML
    vcat = db.query('visit_latest', where="apogee_id='" + objid + "' and telescope='"+ telescope + "'", fmt='table')
  File "/uufs/chpc.utah.edu/common/home/u0955897/projects/apogee_drp/python/apogee_drp/apred/qa.py", line 2524, in makeStarHTML
    vcat = db.query('visit_latest', where="apogee_id='" + objid + "' and telescope='"+ telescope + "'", fmt='table')
  File "/uufs/chpc.utah.edu/common/home/sdss50/software/pkg/miniconda/3.8.5_mwm/lib/python3.8/bdb.py", line 88, in trace_dispatch
    return self.dispatch_line(frame)
  File "/uufs/chpc.utah.edu/common/home/sdss50/software/pkg/miniconda/3.8.5_mwm/lib/python3.8/bdb.py", line 113, in dispatch_line
    if self.quitting: raise BdbQuit
bdb.BdbQuit
2023-01-11 10:53:47,192 [INFO ]  End: 2023-01-11 10:53:47
2023-01-11 10:53:47,192 [INFO ]  elapsed: 21.6 sec.
